<?xml version="1.0" encoding="UTF-8"?>
<testsuite name="com.vijai.urlmin.UrlMinApplicationTests" tests="1" skipped="0" failures="0" errors="0" timestamp="2019-04-04T19:00:59" hostname="DESKTOP-VC7NSTK" time="0.009">
  <properties/>
  <testcase name="contextLoads" classname="com.vijai.urlmin.UrlMinApplicationTests" time="0.009"/>
  <system-out><![CDATA[22:00:55.663 [Test worker] DEBUG org.springframework.test.context.junit4.SpringJUnit4ClassRunner - SpringJUnit4ClassRunner constructor called with [class com.vijai.urlmin.UrlMinApplicationTests]
22:00:55.665 [Test worker] DEBUG org.springframework.test.context.BootstrapUtils - Instantiating CacheAwareContextLoaderDelegate from class [org.springframework.test.context.cache.DefaultCacheAwareContextLoaderDelegate]
22:00:55.673 [Test worker] DEBUG org.springframework.test.context.BootstrapUtils - Instantiating BootstrapContext using constructor [public org.springframework.test.context.support.DefaultBootstrapContext(java.lang.Class,org.springframework.test.context.CacheAwareContextLoaderDelegate)]
22:00:55.692 [Test worker] DEBUG org.springframework.test.context.BootstrapUtils - Instantiating TestContextBootstrapper for test class [com.vijai.urlmin.UrlMinApplicationTests] from class [org.springframework.boot.test.context.SpringBootTestContextBootstrapper]
22:00:55.705 [Test worker] INFO org.springframework.boot.test.context.SpringBootTestContextBootstrapper - Neither @ContextConfiguration nor @ContextHierarchy found for test class [com.vijai.urlmin.UrlMinApplicationTests], using SpringBootContextLoader
22:00:55.709 [Test worker] DEBUG org.springframework.test.context.support.AbstractContextLoader - Did not detect default resource location for test class [com.vijai.urlmin.UrlMinApplicationTests]: class path resource [com/vijai/urlmin/UrlMinApplicationTests-context.xml] does not exist
22:00:55.710 [Test worker] DEBUG org.springframework.test.context.support.AbstractContextLoader - Did not detect default resource location for test class [com.vijai.urlmin.UrlMinApplicationTests]: class path resource [com/vijai/urlmin/UrlMinApplicationTestsContext.groovy] does not exist
22:00:55.710 [Test worker] INFO org.springframework.test.context.support.AbstractContextLoader - Could not detect default resource locations for test class [com.vijai.urlmin.UrlMinApplicationTests]: no resource found for suffixes {-context.xml, Context.groovy}.
22:00:55.711 [Test worker] INFO org.springframework.test.context.support.AnnotationConfigContextLoaderUtils - Could not detect default configuration classes for test class [com.vijai.urlmin.UrlMinApplicationTests]: UrlMinApplicationTests does not declare any static, non-private, non-final, nested classes annotated with @Configuration.
22:00:55.772 [Test worker] DEBUG org.springframework.test.context.support.ActiveProfilesUtils - Could not find an 'annotation declaring class' for annotation type [org.springframework.test.context.ActiveProfiles] and class [com.vijai.urlmin.UrlMinApplicationTests]
22:00:55.845 [Test worker] DEBUG org.springframework.context.annotation.ClassPathScanningCandidateComponentProvider - Identified candidate component class: file [C:\Users\vikto\IdeaProjects\url-shortener-neueda\url-min\build\classes\java\main\com\vijai\urlmin\UrlMinApplication.class]
22:00:55.846 [Test worker] INFO org.springframework.boot.test.context.SpringBootTestContextBootstrapper - Found @SpringBootConfiguration com.vijai.urlmin.UrlMinApplication for test class com.vijai.urlmin.UrlMinApplicationTests
22:00:55.962 [Test worker] DEBUG org.springframework.boot.test.context.SpringBootTestContextBootstrapper - @TestExecutionListeners is not present for class [com.vijai.urlmin.UrlMinApplicationTests]: using defaults.
22:00:55.963 [Test worker] INFO org.springframework.boot.test.context.SpringBootTestContextBootstrapper - Loaded default TestExecutionListener class names from location [META-INF/spring.factories]: [org.springframework.boot.test.autoconfigure.restdocs.RestDocsTestExecutionListener, org.springframework.boot.test.autoconfigure.web.client.MockRestServiceServerResetTestExecutionListener, org.springframework.boot.test.autoconfigure.web.servlet.MockMvcPrintOnlyOnFailureTestExecutionListener, org.springframework.boot.test.autoconfigure.web.servlet.WebDriverTestExecutionListener, org.springframework.boot.test.mock.mockito.MockitoTestExecutionListener, org.springframework.boot.test.mock.mockito.ResetMocksTestExecutionListener, org.springframework.test.context.web.ServletTestExecutionListener, org.springframework.test.context.support.DirtiesContextBeforeModesTestExecutionListener, org.springframework.test.context.support.DependencyInjectionTestExecutionListener, org.springframework.test.context.support.DirtiesContextTestExecutionListener, org.springframework.test.context.transaction.TransactionalTestExecutionListener, org.springframework.test.context.jdbc.SqlScriptsTestExecutionListener]
22:00:55.984 [Test worker] INFO org.springframework.boot.test.context.SpringBootTestContextBootstrapper - Using TestExecutionListeners: [org.springframework.test.context.web.ServletTestExecutionListener@2b5a2603, org.springframework.test.context.support.DirtiesContextBeforeModesTestExecutionListener@7942c78c, org.springframework.boot.test.mock.mockito.MockitoTestExecutionListener@8bfc134, org.springframework.boot.test.autoconfigure.SpringBootDependencyInjectionTestExecutionListener@7986ce8f, org.springframework.test.context.support.DirtiesContextTestExecutionListener@3969582, org.springframework.test.context.transaction.TransactionalTestExecutionListener@6c874cdb, org.springframework.test.context.jdbc.SqlScriptsTestExecutionListener@1ac7961e, org.springframework.boot.test.autoconfigure.restdocs.RestDocsTestExecutionListener@557ac17f, org.springframework.boot.test.autoconfigure.web.client.MockRestServiceServerResetTestExecutionListener@62f764d7, org.springframework.boot.test.autoconfigure.web.servlet.MockMvcPrintOnlyOnFailureTestExecutionListener@34401dc6, org.springframework.boot.test.autoconfigure.web.servlet.WebDriverTestExecutionListener@12910a36, org.springframework.boot.test.mock.mockito.ResetMocksTestExecutionListener@11e35022]
22:00:55.987 [Test worker] DEBUG org.springframework.test.annotation.ProfileValueUtils - Retrieved @ProfileValueSourceConfiguration [null] for test class [com.vijai.urlmin.UrlMinApplicationTests]
22:00:55.988 [Test worker] DEBUG org.springframework.test.annotation.ProfileValueUtils - Retrieved ProfileValueSource type [class org.springframework.test.annotation.SystemProfileValueSource] for class [com.vijai.urlmin.UrlMinApplicationTests]
22:00:55.988 [Test worker] DEBUG org.springframework.test.annotation.ProfileValueUtils - Retrieved @ProfileValueSourceConfiguration [null] for test class [com.vijai.urlmin.UrlMinApplicationTests]
22:00:55.988 [Test worker] DEBUG org.springframework.test.annotation.ProfileValueUtils - Retrieved ProfileValueSource type [class org.springframework.test.annotation.SystemProfileValueSource] for class [com.vijai.urlmin.UrlMinApplicationTests]
22:00:55.993 [Test worker] DEBUG org.springframework.test.context.support.AbstractDirtiesContextTestExecutionListener - Before test class: context [DefaultTestContext@4a50a6de testClass = UrlMinApplicationTests, testInstance = [null], testMethod = [null], testException = [null], mergedContextConfiguration = [WebMergedContextConfiguration@7d1474c0 testClass = UrlMinApplicationTests, locations = '{}', classes = '{class com.vijai.urlmin.UrlMinApplication}', contextInitializerClasses = '[]', activeProfiles = '{}', propertySourceLocations = '{}', propertySourceProperties = '{org.springframework.boot.test.context.SpringBootTestContextBootstrapper=true}', contextCustomizers = set[org.springframework.boot.test.autoconfigure.properties.PropertyMappingContextCustomizer@0, org.springframework.boot.test.autoconfigure.web.servlet.WebDriverContextCustomizerFactory$Customizer@67645bbe, org.springframework.boot.test.context.filter.ExcludeFilterContextCustomizer@28fc2169, org.springframework.boot.test.json.DuplicateJsonObjectContextCustomizerFactory$DuplicateJsonObjectContextCustomizer@6050c345, org.springframework.boot.test.mock.mockito.MockitoContextCustomizer@0, org.springframework.boot.test.web.client.TestRestTemplateContextCustomizer@505fdf24], resourceBasePath = 'src/main/webapp', contextLoader = 'org.springframework.boot.test.context.SpringBootContextLoader', parent = [null]], attributes = map['org.springframework.test.context.web.ServletTestExecutionListener.activateListener' -> true]], class annotated with @DirtiesContext [false] with mode [null].
22:00:55.993 [Test worker] DEBUG org.springframework.test.annotation.ProfileValueUtils - Retrieved @ProfileValueSourceConfiguration [null] for test class [com.vijai.urlmin.UrlMinApplicationTests]
22:00:55.993 [Test worker] DEBUG org.springframework.test.annotation.ProfileValueUtils - Retrieved ProfileValueSource type [class org.springframework.test.annotation.SystemProfileValueSource] for class [com.vijai.urlmin.UrlMinApplicationTests]
22:00:56.016 [Test worker] DEBUG org.springframework.test.context.support.TestPropertySourceUtils - Adding inlined properties to environment: {spring.jmx.enabled=false, org.springframework.boot.test.context.SpringBootTestContextBootstrapper=true, server.port=-1}

  .   ____          _            __ _ _
 /\\ / ___'_ __ _ _(_)_ __  __ _ \ \ \ \
( ( )\___ | '_ | '_| | '_ \/ _` | \ \ \ \
 \\/  ___)| |_)| | | | | || (_| |  ) ) ) )
  '  |____| .__|_| |_|_| |_\__, | / / / /
 =========|_|==============|___/=/_/_/_/
 :: Spring Boot ::        (v2.1.3.RELEASE)

2019-04-04 22:00:56.413  INFO 17848 --- [    Test worker] com.vijai.urlmin.UrlMinApplicationTests  : Starting UrlMinApplicationTests on DESKTOP-VC7NSTK with PID 17848 (started by vikto in C:\Users\vikto\IdeaProjects\url-shortener-neueda\url-min)
2019-04-04 22:00:56.415  INFO 17848 --- [    Test worker] com.vijai.urlmin.UrlMinApplicationTests  : No active profile set, falling back to default profiles: default
2019-04-04 22:00:57.202  INFO 17848 --- [    Test worker] .s.d.r.c.RepositoryConfigurationDelegate : Multiple Spring Data modules found, entering strict repository configuration mode!
2019-04-04 22:00:57.204  INFO 17848 --- [    Test worker] .s.d.r.c.RepositoryConfigurationDelegate : Bootstrapping Spring Data repositories in DEFAULT mode.
2019-04-04 22:00:57.252  INFO 17848 --- [    Test worker] .s.d.r.c.RepositoryConfigurationDelegate : Finished Spring Data repository scanning in 24ms. Found 0 repository interfaces.
2019-04-04 22:00:58.537  INFO 17848 --- [    Test worker] o.s.s.concurrent.ThreadPoolTaskExecutor  : Initializing ExecutorService 'applicationTaskExecutor'
2019-04-04 22:00:59.384  INFO 17848 --- [    Test worker] com.vijai.urlmin.UrlMinApplicationTests  : Started UrlMinApplicationTests in 3.357 seconds (JVM running for 5.83)
]]></system-out>
  <system-err><![CDATA[]]></system-err>
</testsuite>
